#! /c/Source/iverilog-install/bin/vvp
:ivl_version "12.0 (devel)" "(s20150603-1539-g2693dd32b)";
:ivl_delay_selection "TYPICAL";
:vpi_time_precision - 12;
:vpi_module "C:\iverilog\lib\ivl\system.vpi";
:vpi_module "C:\iverilog\lib\ivl\vhdl_sys.vpi";
:vpi_module "C:\iverilog\lib\ivl\vhdl_textio.vpi";
:vpi_module "C:\iverilog\lib\ivl\v2005_math.vpi";
:vpi_module "C:\iverilog\lib\ivl\va_math.vpi";
:vpi_module "C:\iverilog\lib\ivl\v2009.vpi";
S_000002846b32ae30 .scope package, "$unit" "$unit" 2 1;
 .timescale 0 0;
S_000002846b32a4c0 .scope module, "gain_scheduler_tb" "gain_scheduler_tb" 3 3;
 .timescale -9 -12;
v000002846b238320_0 .var "counter", 15 0;
v000002846b2383c0_0 .net/s "ki", 31 0, v000002846b2028d0_0;  1 drivers
v000002846b238460_0 .net/s "kp", 31 0, v000002846b238280_0;  1 drivers
S_000002846b32a650 .scope module, "dut" "gain_scheduler" 3 11, 4 2 0, S_000002846b32a4c0;
 .timescale -9 -12;
    .port_info 0 /INPUT 16 "counter";
    .port_info 1 /OUTPUT 32 "kp";
    .port_info 2 /OUTPUT 32 "ki";
P_000002846b2380b0 .param/l "FAST_END" 0 4 17, +C4<00000000000000000000000000110010>;
P_000002846b2380e8 .param/l "KI_FAST" 0 4 6, +C4<00000000000000001100000000101101>;
P_000002846b238120 .param/l "KI_MED" 0 4 10, +C4<00000000000000000001000101001100>;
P_000002846b238158 .param/l "KI_SLOW" 0 4 14, +C4<00000000000000000000000111101100>;
P_000002846b238190 .param/l "KP_FAST" 0 4 5, +C4<00000000001011010010001010001111>;
P_000002846b2381c8 .param/l "KP_MED" 0 4 9, +C4<00000000000011011000101001011110>;
P_000002846b238200 .param/l "KP_SLOW" 0 4 13, +C4<00000000000001001000001101110101>;
P_000002846b238238 .param/l "MED_END" 0 4 18, +C4<00000000000000000000000001100100>;
v000002846b32a7e0_0 .net "counter", 15 0, v000002846b238320_0;  1 drivers
v000002846b2028d0_0 .var/s "ki", 31 0;
v000002846b238280_0 .var/s "kp", 31 0;
E_000002846b327020 .event anyedge, v000002846b32a7e0_0;
    .scope S_000002846b32a650;
T_0 ;
    %wait E_000002846b327020;
    %load/vec4 v000002846b32a7e0_0;
    %pad/u 32;
    %cmpi/u 50, 0, 32;
    %jmp/0xz  T_0.0, 5;
    %pushi/vec4 2957967, 0, 32;
    %store/vec4 v000002846b238280_0, 0, 32;
    %pushi/vec4 49197, 0, 32;
    %store/vec4 v000002846b2028d0_0, 0, 32;
    %jmp T_0.1;
T_0.0 ;
    %load/vec4 v000002846b32a7e0_0;
    %pad/u 32;
    %cmpi/u 100, 0, 32;
    %jmp/0xz  T_0.2, 5;
    %pushi/vec4 887390, 0, 32;
    %store/vec4 v000002846b238280_0, 0, 32;
    %pushi/vec4 4428, 0, 32;
    %store/vec4 v000002846b2028d0_0, 0, 32;
    %jmp T_0.3;
T_0.2 ;
    %pushi/vec4 295797, 0, 32;
    %store/vec4 v000002846b238280_0, 0, 32;
    %pushi/vec4 492, 0, 32;
    %store/vec4 v000002846b2028d0_0, 0, 32;
T_0.3 ;
T_0.1 ;
    %jmp T_0;
    .thread T_0, $push;
    .scope S_000002846b32a4c0;
T_1 ;
    %vpi_call/w 3 19 "$display", "\012===== Gain Scheduler Test =====\012" {0 0 0};
    %pushi/vec4 0, 0, 16;
    %store/vec4 v000002846b238320_0, 0, 16;
    %delay 10000, 0;
    %vpi_call/w 3 24 "$display", "counter=%0d  kp=%0d  ki=%0d", v000002846b238320_0, v000002846b238460_0, v000002846b2383c0_0 {0 0 0};
    %pushi/vec4 25, 0, 16;
    %store/vec4 v000002846b238320_0, 0, 16;
    %delay 10000, 0;
    %vpi_call/w 3 28 "$display", "counter=%0d  kp=%0d  ki=%0d", v000002846b238320_0, v000002846b238460_0, v000002846b2383c0_0 {0 0 0};
    %pushi/vec4 49, 0, 16;
    %store/vec4 v000002846b238320_0, 0, 16;
    %delay 10000, 0;
    %vpi_call/w 3 32 "$display", "counter=%0d  kp=%0d  ki=%0d", v000002846b238320_0, v000002846b238460_0, v000002846b2383c0_0 {0 0 0};
    %pushi/vec4 50, 0, 16;
    %store/vec4 v000002846b238320_0, 0, 16;
    %delay 10000, 0;
    %vpi_call/w 3 37 "$display", "counter=%0d  kp=%0d  ki=%0d", v000002846b238320_0, v000002846b238460_0, v000002846b2383c0_0 {0 0 0};
    %pushi/vec4 75, 0, 16;
    %store/vec4 v000002846b238320_0, 0, 16;
    %delay 10000, 0;
    %vpi_call/w 3 41 "$display", "counter=%0d  kp=%0d  ki=%0d", v000002846b238320_0, v000002846b238460_0, v000002846b2383c0_0 {0 0 0};
    %pushi/vec4 99, 0, 16;
    %store/vec4 v000002846b238320_0, 0, 16;
    %delay 10000, 0;
    %vpi_call/w 3 45 "$display", "counter=%0d  kp=%0d  ki=%0d", v000002846b238320_0, v000002846b238460_0, v000002846b2383c0_0 {0 0 0};
    %pushi/vec4 100, 0, 16;
    %store/vec4 v000002846b238320_0, 0, 16;
    %delay 10000, 0;
    %vpi_call/w 3 50 "$display", "counter=%0d  kp=%0d  ki=%0d", v000002846b238320_0, v000002846b238460_0, v000002846b2383c0_0 {0 0 0};
    %pushi/vec4 150, 0, 16;
    %store/vec4 v000002846b238320_0, 0, 16;
    %delay 10000, 0;
    %vpi_call/w 3 54 "$display", "counter=%0d  kp=%0d  ki=%0d", v000002846b238320_0, v000002846b238460_0, v000002846b2383c0_0 {0 0 0};
    %pushi/vec4 500, 0, 16;
    %store/vec4 v000002846b238320_0, 0, 16;
    %delay 10000, 0;
    %vpi_call/w 3 58 "$display", "counter=%0d  kp=%0d  ki=%0d", v000002846b238320_0, v000002846b238460_0, v000002846b2383c0_0 {0 0 0};
    %vpi_call/w 3 60 "$finish" {0 0 0};
    %end;
    .thread T_1;
# The file index is used to find the file name in the following table.
:file_names 5;
    "N/A";
    "<interactive>";
    "-";
    "gain_scheduler_tb.v";
    "gain_scheduler.v";
