#! /c/Source/iverilog-install/bin/vvp
:ivl_version "12.0 (devel)" "(s20150603-1539-g2693dd32b)";
:ivl_delay_selection "TYPICAL";
:vpi_time_precision - 12;
:vpi_module "C:\iverilog\lib\ivl\system.vpi";
:vpi_module "C:\iverilog\lib\ivl\vhdl_sys.vpi";
:vpi_module "C:\iverilog\lib\ivl\vhdl_textio.vpi";
:vpi_module "C:\iverilog\lib\ivl\v2005_math.vpi";
:vpi_module "C:\iverilog\lib\ivl\va_math.vpi";
:vpi_module "C:\iverilog\lib\ivl\v2009.vpi";
S_000001ed945d4ce0 .scope package, "$unit" "$unit" 2 1;
 .timescale 0 0;
S_000001ed945e2890 .scope module, "tb_adpll_loop_filter" "tb_adpll_loop_filter" 3 3;
 .timescale -9 -12;
v000001ed946529b0_0 .var "clk", 0 0;
v000001ed94652e10_0 .var "counter", 15 0;
v000001ed94651510_0 .net/s "ctrl_word", 15 0, v000001ed945d34b0_0;  1 drivers
v000001ed94651fb0_0 .var/s "error", 11 0;
v000001ed94653130_0 .var/i "i", 31 0;
v000001ed94652a50_0 .net/s "ki", 31 0, v000001ed94651d30_0;  1 drivers
v000001ed94652cd0_0 .net/s "kp", 31 0, v000001ed946518d0_0;  1 drivers
v000001ed94652af0_0 .net "lock", 0 0, v000001ed94652550_0;  1 drivers
v000001ed94652b90_0 .var "rst_n", 0 0;
E_000001ed945cbe90 .event posedge, v000001ed945d2e70_0;
S_000001ed945e2a20 .scope module, "filter" "pi_loop_filter" 3 45, 4 3 0, S_000001ed945e2890;
 .timescale -9 -12;
    .port_info 0 /INPUT 1 "clk";
    .port_info 1 /INPUT 1 "rst_n";
    .port_info 2 /INPUT 12 "error";
    .port_info 3 /INPUT 32 "kp";
    .port_info 4 /INPUT 32 "ki";
    .port_info 5 /OUTPUT 16 "ctrl_word";
P_000001ed945f33f0 .param/l "ACCUM_W" 0 4 6, +C4<00000000000000000000000000100000>;
P_000001ed945f3428 .param/l "ERR_W" 0 4 4, +C4<00000000000000000000000000001100>;
P_000001ed945f3460 .param/l "FRAC_BITS" 0 4 7, +C4<00000000000000000000000000010000>;
P_000001ed945f3498 .param/l "GAIN_W" 0 4 5, +C4<00000000000000000000000000100000>;
P_000001ed945f34d0 .param/l "INTEG_MAX" 0 4 12, +C4<01111111111111111111111111111111>;
P_000001ed945f3508 .param/l "INTEG_MIN" 0 4 13, +C4<10000000000000000000000000000001>;
P_000001ed945f3540 .param/l "OUT_W" 0 4 8, +C4<00000000000000000000000000010000>;
P_000001ed945f3578 .param/l "PRELOAD" 0 4 10, +C4<11111111111111111111010001001000>;
v000001ed945d2830_0 .net/s *"_ivl_0", 43 0, L_000001ed946531d0;  1 drivers
v000001ed945d2ab0_0 .net *"_ivl_12", 43 0, L_000001ed94651a10;  1 drivers
v000001ed945d26f0_0 .net *"_ivl_14", 27 0, L_000001ed94651790;  1 drivers
v000001ed945d25b0_0 .net *"_ivl_18", 43 0, L_000001ed94652c30;  1 drivers
v000001ed945d2790_0 .net/s *"_ivl_2", 43 0, L_000001ed94653270;  1 drivers
v000001ed945d2fb0_0 .net *"_ivl_20", 27 0, L_000001ed94651b50;  1 drivers
v000001ed945d2b50_0 .net *"_ivl_28", 31 0, L_000001ed94652190;  1 drivers
v000001ed945d3230_0 .net *"_ivl_30", 29 0, L_000001ed94651f10;  1 drivers
L_000001ed94720088 .functor BUFT 1, C4<00>, C4<0>, C4<0>, C4<0>;
v000001ed945d2a10_0 .net *"_ivl_32", 1 0, L_000001ed94720088;  1 drivers
v000001ed945d32d0_0 .net/s *"_ivl_34", 31 0, L_000001ed94652230;  1 drivers
v000001ed945d2bf0_0 .net *"_ivl_38", 28 0, L_000001ed94654560;  1 drivers
v000001ed945d3370_0 .net *"_ivl_40", 31 0, L_000001ed946556e0;  1 drivers
v000001ed945d2c90_0 .net *"_ivl_42", 30 0, L_000001ed94654240;  1 drivers
L_000001ed947200d0 .functor BUFT 1, C4<0>, C4<0>, C4<0>, C4<0>;
v000001ed945d2f10_0 .net *"_ivl_44", 0 0, L_000001ed947200d0;  1 drivers
v000001ed945d28d0_0 .net/s *"_ivl_46", 31 0, L_000001ed94654740;  1 drivers
v000001ed945d2d30_0 .net *"_ivl_50", 28 0, L_000001ed946547e0;  1 drivers
v000001ed945d3190_0 .net/s *"_ivl_6", 43 0, L_000001ed94651650;  1 drivers
v000001ed945d2dd0_0 .net/s *"_ivl_8", 43 0, L_000001ed94652050;  1 drivers
v000001ed945d2970_0 .net/s "alpha_term", 31 0, L_000001ed94654ce0;  1 drivers
v000001ed945d3050_0 .net/s "beta_term", 31 0, L_000001ed94654920;  1 drivers
v000001ed945d2e70_0 .net "clk", 0 0, v000001ed946529b0_0;  1 drivers
v000001ed945d3410_0 .net/s "ctrl_next", 31 0, L_000001ed94653f20;  1 drivers
v000001ed945d34b0_0 .var/s "ctrl_word", 15 0;
v000001ed94651970_0 .var/s "ctrl_word_q", 31 0;
v000001ed946522d0_0 .net/s "error", 11 0, v000001ed94651fb0_0;  1 drivers
v000001ed946516f0_0 .net/s "i_mult", 43 0, L_000001ed946515b0;  1 drivers
v000001ed94652370_0 .net/s "i_term", 31 0, L_000001ed94651c90;  1 drivers
v000001ed94652410_0 .var/s "integrator", 31 0;
v000001ed94652d70_0 .net/s "integrator_next", 31 0, L_000001ed94651dd0;  1 drivers
v000001ed94652910_0 .net/s "ki", 31 0, v000001ed94651d30_0;  alias, 1 drivers
v000001ed946524b0_0 .net/s "kp", 31 0, v000001ed946518d0_0;  alias, 1 drivers
v000001ed946520f0_0 .net/s "p_mult", 43 0, L_000001ed94651bf0;  1 drivers
v000001ed94652730_0 .net/s "p_term", 31 0, L_000001ed94651ab0;  1 drivers
v000001ed94652f50_0 .net/s "pi_out", 31 0, L_000001ed94651e70;  1 drivers
v000001ed94652ff0_0 .net "rst_n", 0 0, v000001ed94652b90_0;  1 drivers
E_000001ed945ccb50/0 .event negedge, v000001ed94652ff0_0;
E_000001ed945ccb50/1 .event posedge, v000001ed945d2e70_0;
E_000001ed945ccb50 .event/or E_000001ed945ccb50/0, E_000001ed945ccb50/1;
L_000001ed946531d0 .extend/s 44, v000001ed94651fb0_0;
L_000001ed94653270 .extend/s 44, v000001ed946518d0_0;
L_000001ed94651bf0 .arith/mult 44, L_000001ed946531d0, L_000001ed94653270;
L_000001ed94651650 .extend/s 44, v000001ed94651fb0_0;
L_000001ed94652050 .extend/s 44, v000001ed94651d30_0;
L_000001ed946515b0 .arith/mult 44, L_000001ed94651650, L_000001ed94652050;
L_000001ed94651790 .part L_000001ed94651bf0, 16, 28;
L_000001ed94651a10 .extend/s 44, L_000001ed94651790;
L_000001ed94651ab0 .part L_000001ed94651a10, 0, 32;
L_000001ed94651b50 .part L_000001ed946515b0, 16, 28;
L_000001ed94652c30 .extend/s 44, L_000001ed94651b50;
L_000001ed94651c90 .part L_000001ed94652c30, 0, 32;
L_000001ed94651dd0 .arith/sub 32, v000001ed94652410_0, L_000001ed94651c90;
L_000001ed94651e70 .arith/sub 32, L_000001ed94651dd0, L_000001ed94651ab0;
L_000001ed94651f10 .part L_000001ed94651e70, 0, 30;
L_000001ed94652190 .concat [ 2 30 0 0], L_000001ed94720088, L_000001ed94651f10;
L_000001ed94652230 .arith/sum 32, L_000001ed94652190, L_000001ed94651e70;
L_000001ed94654560 .part L_000001ed94652230, 3, 29;
L_000001ed94654ce0 .extend/s 32, L_000001ed94654560;
L_000001ed94654240 .part v000001ed94651970_0, 0, 31;
L_000001ed946556e0 .concat [ 1 31 0 0], L_000001ed947200d0, L_000001ed94654240;
L_000001ed94654740 .arith/sum 32, L_000001ed946556e0, v000001ed94651970_0;
L_000001ed946547e0 .part L_000001ed94654740, 3, 29;
L_000001ed94654920 .extend/s 32, L_000001ed946547e0;
L_000001ed94653f20 .arith/sum 32, L_000001ed94654ce0, L_000001ed94654920;
S_000001ed945a2b30 .scope module, "scheduler" "gain_scheduler" 3 36, 5 2 0, S_000001ed945e2890;
 .timescale -9 -12;
    .port_info 0 /INPUT 16 "counter";
    .port_info 1 /OUTPUT 32 "kp";
    .port_info 2 /OUTPUT 32 "ki";
P_000001ed945a2cc0 .param/l "FAST_END" 0 5 17, +C4<00000000000000000000000000110010>;
P_000001ed945a2cf8 .param/l "KI_FAST" 0 5 6, +C4<00000000000000001100000000101101>;
P_000001ed945a2d30 .param/l "KI_MED" 0 5 10, +C4<00000000000000000001000101001100>;
P_000001ed945a2d68 .param/l "KI_SLOW" 0 5 14, +C4<00000000000000000000000111101100>;
P_000001ed945a2da0 .param/l "KP_FAST" 0 5 5, +C4<00000000001011010010001010001111>;
P_000001ed945a2dd8 .param/l "KP_MED" 0 5 9, +C4<00000000000011011000101001011110>;
P_000001ed945a2e10 .param/l "KP_SLOW" 0 5 13, +C4<00000000000001001000001101110101>;
P_000001ed945a2e48 .param/l "MED_END" 0 5 18, +C4<00000000000000000000000001100100>;
v000001ed946527d0_0 .net "counter", 15 0, v000001ed94652e10_0;  1 drivers
v000001ed94651d30_0 .var/s "ki", 31 0;
v000001ed946518d0_0 .var/s "kp", 31 0;
E_000001ed945cd1d0 .event anyedge, v000001ed946527d0_0;
S_000001ed94653390 .scope module, "u_lock" "lock_detector" 3 55, 6 1 0, S_000001ed945e2890;
 .timescale -9 -12;
    .port_info 0 /INPUT 1 "clk";
    .port_info 1 /INPUT 1 "rst_n";
    .port_info 2 /INPUT 12 "error";
    .port_info 3 /OUTPUT 1 "lock";
P_000001ed945f6100 .param/l "LOCK_COUNT" 0 6 10, C4<100000>;
P_000001ed945f6138 .param/l "THRESHOLD" 0 6 9, C4<000000001000>;
v000001ed946513d0_0 .net *"_ivl_1", 0 0, L_000001ed946541a0;  1 drivers
L_000001ed94720118 .functor BUFT 1, C4<000000000000>, C4<0>, C4<0>, C4<0>;
v000001ed94651830_0 .net *"_ivl_2", 11 0, L_000001ed94720118;  1 drivers
v000001ed94652690_0 .net *"_ivl_5", 11 0, L_000001ed94654380;  1 drivers
v000001ed946525f0_0 .net/s "abs_error", 11 0, L_000001ed94655280;  1 drivers
v000001ed94652eb0_0 .net "clk", 0 0, v000001ed946529b0_0;  alias, 1 drivers
v000001ed94651470_0 .var "counter", 5 0;
v000001ed94653090_0 .net/s "error", 11 0, v000001ed94651fb0_0;  alias, 1 drivers
v000001ed94652550_0 .var "lock", 0 0;
v000001ed94652870_0 .net "rst_n", 0 0, v000001ed94652b90_0;  alias, 1 drivers
L_000001ed946541a0 .part v000001ed94651fb0_0, 11, 1;
L_000001ed94654380 .arith/sub 12, L_000001ed94720118, v000001ed94651fb0_0;
L_000001ed94655280 .functor MUXZ 12, v000001ed94651fb0_0, L_000001ed94654380, L_000001ed946541a0, C4<>;
    .scope S_000001ed945a2b30;
T_0 ;
    %wait E_000001ed945cd1d0;
    %load/vec4 v000001ed946527d0_0;
    %pad/u 32;
    %cmpi/u 50, 0, 32;
    %jmp/0xz  T_0.0, 5;
    %pushi/vec4 2957967, 0, 32;
    %store/vec4 v000001ed946518d0_0, 0, 32;
    %pushi/vec4 49197, 0, 32;
    %store/vec4 v000001ed94651d30_0, 0, 32;
    %jmp T_0.1;
T_0.0 ;
    %load/vec4 v000001ed946527d0_0;
    %pad/u 32;
    %cmpi/u 100, 0, 32;
    %jmp/0xz  T_0.2, 5;
    %pushi/vec4 887390, 0, 32;
    %store/vec4 v000001ed946518d0_0, 0, 32;
    %pushi/vec4 4428, 0, 32;
    %store/vec4 v000001ed94651d30_0, 0, 32;
    %jmp T_0.3;
T_0.2 ;
    %pushi/vec4 295797, 0, 32;
    %store/vec4 v000001ed946518d0_0, 0, 32;
    %pushi/vec4 492, 0, 32;
    %store/vec4 v000001ed94651d30_0, 0, 32;
T_0.3 ;
T_0.1 ;
    %jmp T_0;
    .thread T_0, $push;
    .scope S_000001ed945e2a20;
T_1 ;
    %wait E_000001ed945ccb50;
    %load/vec4 v000001ed94652ff0_0;
    %nor/r;
    %flag_set/vec4 8;
    %jmp/0xz  T_1.0, 8;
    %pushi/vec4 4294964296, 0, 32;
    %assign/vec4 v000001ed94652410_0, 0;
    %pushi/vec4 4294964296, 0, 32;
    %assign/vec4 v000001ed94651970_0, 0;
    %pushi/vec4 62536, 0, 16;
    %assign/vec4 v000001ed945d34b0_0, 0;
    %jmp T_1.1;
T_1.0 ;
    %load/vec4 v000001ed94652d70_0;
    %cmpi/s 2147483647, 0, 32;
    %flag_or 5, 4; GT is !LE
    %flag_inv 5;
    %jmp/0xz  T_1.2, 5;
    %pushi/vec4 2147483647, 0, 32;
    %assign/vec4 v000001ed94652410_0, 0;
    %jmp T_1.3;
T_1.2 ;
    %load/vec4 v000001ed94652d70_0;
    %cmpi/s 2147483649, 0, 32;
    %jmp/0xz  T_1.4, 5;
    %pushi/vec4 2147483649, 0, 32;
    %assign/vec4 v000001ed94652410_0, 0;
    %jmp T_1.5;
T_1.4 ;
    %load/vec4 v000001ed94652d70_0;
    %assign/vec4 v000001ed94652410_0, 0;
T_1.5 ;
T_1.3 ;
    %load/vec4 v000001ed945d3410_0;
    %assign/vec4 v000001ed94651970_0, 0;
    %load/vec4 v000001ed945d3410_0;
    %cmpi/s 32767, 0, 32;
    %flag_or 5, 4; GT is !LE
    %flag_inv 5;
    %jmp/0xz  T_1.6, 5;
    %pushi/vec4 32767, 0, 16;
    %assign/vec4 v000001ed945d34b0_0, 0;
    %jmp T_1.7;
T_1.6 ;
    %load/vec4 v000001ed945d3410_0;
    %cmpi/s 4294934528, 0, 32;
    %jmp/0xz  T_1.8, 5;
    %pushi/vec4 32768, 0, 16;
    %assign/vec4 v000001ed945d34b0_0, 0;
    %jmp T_1.9;
T_1.8 ;
    %load/vec4 v000001ed945d3410_0;
    %parti/s 16, 0, 2;
    %assign/vec4 v000001ed945d34b0_0, 0;
T_1.9 ;
T_1.7 ;
T_1.1 ;
    %jmp T_1;
    .thread T_1;
    .scope S_000001ed94653390;
T_2 ;
    %wait E_000001ed945ccb50;
    %load/vec4 v000001ed94652870_0;
    %nor/r;
    %flag_set/vec4 8;
    %jmp/0xz  T_2.0, 8;
    %pushi/vec4 0, 0, 6;
    %assign/vec4 v000001ed94651470_0, 0;
    %pushi/vec4 0, 0, 1;
    %assign/vec4 v000001ed94652550_0, 0;
    %jmp T_2.1;
T_2.0 ;
    %load/vec4 v000001ed946525f0_0;
    %cmpi/u 8, 0, 12;
    %flag_or 5, 4;
    %jmp/0xz  T_2.2, 5;
    %load/vec4 v000001ed94651470_0;
    %cmpi/u 32, 0, 6;
    %jmp/0xz  T_2.4, 5;
    %load/vec4 v000001ed94651470_0;
    %addi 1, 0, 6;
    %assign/vec4 v000001ed94651470_0, 0;
T_2.4 ;
    %jmp T_2.3;
T_2.2 ;
    %pushi/vec4 0, 0, 6;
    %assign/vec4 v000001ed94651470_0, 0;
    %pushi/vec4 0, 0, 1;
    %assign/vec4 v000001ed94652550_0, 0;
T_2.3 ;
    %load/vec4 v000001ed94651470_0;
    %pad/u 32;
    %cmpi/u 31, 0, 32;
    %flag_inv 5; GE is !LT
    %jmp/0xz  T_2.6, 5;
    %pushi/vec4 1, 0, 1;
    %assign/vec4 v000001ed94652550_0, 0;
T_2.6 ;
T_2.1 ;
    %jmp T_2;
    .thread T_2;
    .scope S_000001ed945e2890;
T_3 ;
    %pushi/vec4 0, 0, 1;
    %store/vec4 v000001ed946529b0_0, 0, 1;
    %end;
    .thread T_3, $init;
    .scope S_000001ed945e2890;
T_4 ;
    %delay 5000, 0;
    %load/vec4 v000001ed946529b0_0;
    %inv;
    %store/vec4 v000001ed946529b0_0, 0, 1;
    %jmp T_4;
    .thread T_4;
    .scope S_000001ed945e2890;
T_5 ;
    %vpi_call/w 3 65 "$display", "time\011 err\011 kp\011 ki\011 ctrl\011 lock" {0 0 0};
    %vpi_call/w 3 67 "$monitor", "%0t\011%d\011%d\011%d\011%d\011%b", $time, v000001ed94651fb0_0, v000001ed94652cd0_0, v000001ed94652a50_0, v000001ed94651510_0, v000001ed94652af0_0 {0 0 0};
    %end;
    .thread T_5;
    .scope S_000001ed945e2890;
T_6 ;
    %wait E_000001ed945ccb50;
    %load/vec4 v000001ed94652b90_0;
    %nor/r;
    %flag_set/vec4 8;
    %jmp/0xz  T_6.0, 8;
    %pushi/vec4 0, 0, 16;
    %assign/vec4 v000001ed94652e10_0, 0;
    %jmp T_6.1;
T_6.0 ;
    %load/vec4 v000001ed94652e10_0;
    %addi 1, 0, 16;
    %assign/vec4 v000001ed94652e10_0, 0;
T_6.1 ;
    %jmp T_6;
    .thread T_6;
    .scope S_000001ed945e2890;
T_7 ;
    %pushi/vec4 0, 0, 1;
    %store/vec4 v000001ed94652b90_0, 0, 1;
    %pushi/vec4 0, 0, 12;
    %store/vec4 v000001ed94651fb0_0, 0, 12;
    %pushi/vec4 5, 0, 32;
T_7.0 %dup/vec4;
    %pushi/vec4 0, 0, 32;
    %cmp/s;
    %jmp/1xz T_7.1, 5;
    %jmp/1 T_7.1, 4;
    %pushi/vec4 1, 0, 32;
    %sub;
    %wait E_000001ed945cbe90;
    %jmp T_7.0;
T_7.1 ;
    %pop/vec4 1;
    %pushi/vec4 1, 0, 1;
    %store/vec4 v000001ed94652b90_0, 0, 1;
    %pushi/vec4 0, 0, 32;
    %store/vec4 v000001ed94653130_0, 0, 32;
T_7.2 ;
    %load/vec4 v000001ed94653130_0;
    %cmpi/s 50, 0, 32;
    %jmp/0xz T_7.3, 5;
    %wait E_000001ed945cbe90;
    %pushi/vec4 20, 0, 12;
    %assign/vec4 v000001ed94651fb0_0, 0;
    %load/vec4 v000001ed94653130_0;
    %addi 1, 0, 32;
    %store/vec4 v000001ed94653130_0, 0, 32;
    %jmp T_7.2;
T_7.3 ;
    %pushi/vec4 0, 0, 32;
    %store/vec4 v000001ed94653130_0, 0, 32;
T_7.4 ;
    %load/vec4 v000001ed94653130_0;
    %cmpi/s 50, 0, 32;
    %jmp/0xz T_7.5, 5;
    %wait E_000001ed945cbe90;
    %pushi/vec4 5, 0, 12;
    %assign/vec4 v000001ed94651fb0_0, 0;
    %load/vec4 v000001ed94653130_0;
    %addi 1, 0, 32;
    %store/vec4 v000001ed94653130_0, 0, 32;
    %jmp T_7.4;
T_7.5 ;
    %pushi/vec4 0, 0, 32;
    %store/vec4 v000001ed94653130_0, 0, 32;
T_7.6 ;
    %load/vec4 v000001ed94653130_0;
    %cmpi/s 50, 0, 32;
    %jmp/0xz T_7.7, 5;
    %wait E_000001ed945cbe90;
    %pushi/vec4 1, 0, 12;
    %assign/vec4 v000001ed94651fb0_0, 0;
    %load/vec4 v000001ed94653130_0;
    %addi 1, 0, 32;
    %store/vec4 v000001ed94653130_0, 0, 32;
    %jmp T_7.6;
T_7.7 ;
    %pushi/vec4 0, 0, 32;
    %store/vec4 v000001ed94653130_0, 0, 32;
T_7.8 ;
    %load/vec4 v000001ed94653130_0;
    %cmpi/s 100, 0, 32;
    %jmp/0xz T_7.9, 5;
    %wait E_000001ed945cbe90;
    %load/vec4 v000001ed94653130_0;
    %pushi/vec4 3, 0, 32;
    %mod/s;
    %dup/vec4;
    %pushi/vec4 0, 0, 32;
    %cmp/u;
    %jmp/1 T_7.10, 6;
    %dup/vec4;
    %pushi/vec4 1, 0, 32;
    %cmp/u;
    %jmp/1 T_7.11, 6;
    %dup/vec4;
    %pushi/vec4 2, 0, 32;
    %cmp/u;
    %jmp/1 T_7.12, 6;
    %jmp T_7.13;
T_7.10 ;
    %pushi/vec4 0, 0, 12;
    %assign/vec4 v000001ed94651fb0_0, 0;
    %jmp T_7.13;
T_7.11 ;
    %pushi/vec4 1, 0, 12;
    %assign/vec4 v000001ed94651fb0_0, 0;
    %jmp T_7.13;
T_7.12 ;
    %pushi/vec4 4095, 0, 12;
    %assign/vec4 v000001ed94651fb0_0, 0;
    %jmp T_7.13;
T_7.13 ;
    %pop/vec4 1;
    %load/vec4 v000001ed94653130_0;
    %addi 1, 0, 32;
    %store/vec4 v000001ed94653130_0, 0, 32;
    %jmp T_7.8;
T_7.9 ;
    %pushi/vec4 0, 0, 32;
    %store/vec4 v000001ed94653130_0, 0, 32;
T_7.14 ;
    %load/vec4 v000001ed94653130_0;
    %cmpi/s 30, 0, 32;
    %jmp/0xz T_7.15, 5;
    %wait E_000001ed945cbe90;
    %pushi/vec4 12, 0, 12;
    %assign/vec4 v000001ed94651fb0_0, 0;
    %load/vec4 v000001ed94653130_0;
    %addi 1, 0, 32;
    %store/vec4 v000001ed94653130_0, 0, 32;
    %jmp T_7.14;
T_7.15 ;
    %pushi/vec4 0, 0, 32;
    %store/vec4 v000001ed94653130_0, 0, 32;
T_7.16 ;
    %load/vec4 v000001ed94653130_0;
    %cmpi/s 80, 0, 32;
    %jmp/0xz T_7.17, 5;
    %wait E_000001ed945cbe90;
    %pushi/vec4 0, 0, 12;
    %assign/vec4 v000001ed94651fb0_0, 0;
    %load/vec4 v000001ed94653130_0;
    %addi 1, 0, 32;
    %store/vec4 v000001ed94653130_0, 0, 32;
    %jmp T_7.16;
T_7.17 ;
    %vpi_call/w 3 149 "$finish" {0 0 0};
    %end;
    .thread T_7;
    .scope S_000001ed945e2890;
T_8 ;
    %wait E_000001ed945cbe90;
    %vpi_call/w 3 152 "$display", "counter=%0d kp=%0d ki=%0d", v000001ed94652e10_0, v000001ed94652cd0_0, v000001ed94652a50_0 {0 0 0};
    %jmp T_8;
    .thread T_8;
    .scope S_000001ed945e2890;
T_9 ;
    %vpi_call/w 3 159 "$dumpfile", "adpll_loop_filter.vcd" {0 0 0};
    %vpi_call/w 3 160 "$dumpvars", 32'sb00000000000000000000000000000000, S_000001ed945e2890 {0 0 0};
    %end;
    .thread T_9;
# The file index is used to find the file name in the following table.
:file_names 7;
    "N/A";
    "<interactive>";
    "-";
    "tb_adpll_loop_filter.v";
    "pi_filter.v";
    "gain_scheduler.v";
    "lock_detector.v";
