#! /c/Source/iverilog-install/bin/vvp
:ivl_version "12.0 (devel)" "(s20150603-1110-g18392a46)";
:ivl_delay_selection "TYPICAL";
:vpi_time_precision - 12;
:vpi_module "C:\iverilog\lib\ivl\system.vpi";
:vpi_module "C:\iverilog\lib\ivl\vhdl_sys.vpi";
:vpi_module "C:\iverilog\lib\ivl\vhdl_textio.vpi";
:vpi_module "C:\iverilog\lib\ivl\v2005_math.vpi";
:vpi_module "C:\iverilog\lib\ivl\va_math.vpi";
S_0000014d8c71f770 .scope module, "tb_mash_modulator" "tb_mash_modulator" 2 3;
 .timescale -9 -12;
v0000014d8c772b20_0 .var "F_mod", 6 0;
v0000014d8c772a80_0 .var "K_mod", 6 0;
v0000014d8c772800_0 .net "N_div", 4 0, v0000014d8c71fa90_0;  1 drivers
v0000014d8c772580_0 .var "N_int", 4 0;
v0000014d8c772260_0 .var "clk", 0 0;
v0000014d8c7721c0_0 .net "m1_reg", 6 0, v0000014d8c70d060_0;  1 drivers
v0000014d8c772300_0 .var "rst", 0 0;
S_0000014d8c71f900 .scope module, "dut" "mash_modulator" 2 13, 3 1 0, S_0000014d8c71f770;
 .timescale 0 0;
    .port_info 0 /INPUT 7 "F_mod";
    .port_info 1 /INPUT 7 "K_mod";
    .port_info 2 /INPUT 5 "N_int";
    .port_info 3 /INPUT 1 "clk";
    .port_info 4 /INPUT 1 "rst";
    .port_info 5 /OUTPUT 5 "N_div";
    .port_info 6 /OUTPUT 7 "m1_reg";
v0000014d8c6e3520_0 .net "F_mod", 6 0, v0000014d8c772b20_0;  1 drivers
v0000014d8c6e30e0_0 .net "K_mod", 6 0, v0000014d8c772a80_0;  1 drivers
v0000014d8c71fa90_0 .var "N_div", 4 0;
v0000014d8c71fb30_0 .net "N_int", 4 0, v0000014d8c772580_0;  1 drivers
v0000014d8c70cde0_0 .var "c1", 0 0;
v0000014d8c70ce80_0 .var "c2", 0 0;
v0000014d8c70cf20_0 .var "c2_prev", 0 0;
v0000014d8c70cfc0_0 .net "clk", 0 0, v0000014d8c772260_0;  1 drivers
v0000014d8c70d060_0 .var "m1_reg", 6 0;
v0000014d8c70d100_0 .var "m1_sum", 7 0;
v0000014d8c70d1a0_0 .var "m2_reg", 6 0;
v0000014d8c70d240_0 .var "m2_sum", 7 0;
v0000014d8c70d2e0_0 .var "ndiv_next", 4 0;
v0000014d8c7144a0_0 .net "rst", 0 0, v0000014d8c772300_0;  1 drivers
v0000014d8c772620_0 .var/s "sdm_out", 2 0;
E_0000014d8c70a760 .event posedge, v0000014d8c7144a0_0, v0000014d8c70cfc0_0;
E_0000014d8c709ca0/0 .event anyedge, v0000014d8c70d060_0, v0000014d8c6e30e0_0, v0000014d8c70d1a0_0, v0000014d8c71fb30_0;
E_0000014d8c709ca0/1 .event anyedge, v0000014d8c6e3520_0, v0000014d8c70d100_0, v0000014d8c70cde0_0, v0000014d8c70d240_0;
E_0000014d8c709ca0/2 .event anyedge, v0000014d8c70ce80_0, v0000014d8c70cf20_0, v0000014d8c772620_0;
E_0000014d8c709ca0 .event/or E_0000014d8c709ca0/0, E_0000014d8c709ca0/1, E_0000014d8c709ca0/2;
    .scope S_0000014d8c71f900;
T_0 ;
    %wait E_0000014d8c709ca0;
    %pushi/vec4 0, 0, 1;
    %store/vec4 v0000014d8c70cde0_0, 0, 1;
    %pushi/vec4 0, 0, 1;
    %store/vec4 v0000014d8c70ce80_0, 0, 1;
    %pushi/vec4 0, 0, 3;
    %store/vec4 v0000014d8c772620_0, 0, 3;
    %pushi/vec4 0, 0, 1;
    %load/vec4 v0000014d8c70d060_0;
    %concat/vec4; draw_concat_vec4
    %pushi/vec4 0, 0, 1;
    %load/vec4 v0000014d8c6e30e0_0;
    %concat/vec4; draw_concat_vec4
    %add;
    %store/vec4 v0000014d8c70d100_0, 0, 8;
    %pushi/vec4 0, 0, 1;
    %load/vec4 v0000014d8c70d1a0_0;
    %concat/vec4; draw_concat_vec4
    %store/vec4 v0000014d8c70d240_0, 0, 8;
    %load/vec4 v0000014d8c71fb30_0;
    %store/vec4 v0000014d8c70d2e0_0, 0, 5;
    %load/vec4 v0000014d8c6e3520_0;
    %cmpi/ne 0, 0, 7;
    %jmp/0xz  T_0.0, 4;
    %pushi/vec4 0, 0, 1;
    %load/vec4 v0000014d8c6e3520_0;
    %concat/vec4; draw_concat_vec4
    %load/vec4 v0000014d8c70d100_0;
    %cmp/u;
    %flag_or 5, 4;
    %jmp/0xz  T_0.2, 5;
    %pushi/vec4 1, 0, 1;
    %store/vec4 v0000014d8c70cde0_0, 0, 1;
T_0.2 ;
    %pushi/vec4 0, 0, 1;
    %load/vec4 v0000014d8c70d1a0_0;
    %concat/vec4; draw_concat_vec4
    %load/vec4 v0000014d8c70cde0_0;
    %pad/u 8;
    %add;
    %store/vec4 v0000014d8c70d240_0, 0, 8;
    %pushi/vec4 0, 0, 1;
    %load/vec4 v0000014d8c6e3520_0;
    %concat/vec4; draw_concat_vec4
    %load/vec4 v0000014d8c70d240_0;
    %cmp/u;
    %flag_or 5, 4;
    %jmp/0xz  T_0.4, 5;
    %pushi/vec4 1, 0, 1;
    %store/vec4 v0000014d8c70ce80_0, 0, 1;
T_0.4 ;
    %load/vec4 v0000014d8c70cde0_0;
    %flag_set/vec4 8;
    %jmp/0 T_0.6, 8;
    %pushi/vec4 1, 0, 3;
    %jmp/1 T_0.7, 8;
T_0.6 ; End of true expr.
    %pushi/vec4 0, 0, 3;
    %jmp/0 T_0.7, 8;
 ; End of false expr.
    %blend;
T_0.7;
    %load/vec4 v0000014d8c70ce80_0;
    %flag_set/vec4 8;
    %jmp/0 T_0.8, 8;
    %pushi/vec4 1, 0, 3;
    %jmp/1 T_0.9, 8;
T_0.8 ; End of true expr.
    %pushi/vec4 0, 0, 3;
    %jmp/0 T_0.9, 8;
 ; End of false expr.
    %blend;
T_0.9;
    %add;
    %load/vec4 v0000014d8c70cf20_0;
    %flag_set/vec4 8;
    %jmp/0 T_0.10, 8;
    %pushi/vec4 1, 0, 3;
    %jmp/1 T_0.11, 8;
T_0.10 ; End of true expr.
    %pushi/vec4 0, 0, 3;
    %jmp/0 T_0.11, 8;
 ; End of false expr.
    %blend;
T_0.11;
    %sub;
    %store/vec4 v0000014d8c772620_0, 0, 3;
    %load/vec4 v0000014d8c772620_0;
    %cmpi/e 7, 0, 3;
    %jmp/0xz  T_0.12, 4;
    %load/vec4 v0000014d8c71fb30_0;
    %pad/u 32;
    %cmpi/e 0, 0, 32;
    %flag_mov 8, 4;
    %jmp/0 T_0.14, 8;
    %pushi/vec4 0, 0, 5;
    %jmp/1 T_0.15, 8;
T_0.14 ; End of true expr.
    %load/vec4 v0000014d8c71fb30_0;
    %subi 1, 0, 5;
    %jmp/0 T_0.15, 8;
 ; End of false expr.
    %blend;
T_0.15;
    %store/vec4 v0000014d8c70d2e0_0, 0, 5;
    %jmp T_0.13;
T_0.12 ;
    %load/vec4 v0000014d8c772620_0;
    %cmpi/e 1, 0, 3;
    %jmp/0xz  T_0.16, 4;
    %load/vec4 v0000014d8c71fb30_0;
    %addi 1, 0, 5;
    %store/vec4 v0000014d8c70d2e0_0, 0, 5;
    %jmp T_0.17;
T_0.16 ;
    %load/vec4 v0000014d8c772620_0;
    %cmpi/e 2, 0, 3;
    %jmp/0xz  T_0.18, 4;
    %load/vec4 v0000014d8c71fb30_0;
    %addi 2, 0, 5;
    %store/vec4 v0000014d8c70d2e0_0, 0, 5;
    %jmp T_0.19;
T_0.18 ;
    %load/vec4 v0000014d8c71fb30_0;
    %pad/u 32;
    %cmpi/e 0, 0, 32;
    %flag_mov 8, 4;
    %jmp/0 T_0.20, 8;
    %pushi/vec4 0, 0, 5;
    %jmp/1 T_0.21, 8;
T_0.20 ; End of true expr.
    %load/vec4 v0000014d8c71fb30_0;
    %jmp/0 T_0.21, 8;
 ; End of false expr.
    %blend;
T_0.21;
    %store/vec4 v0000014d8c70d2e0_0, 0, 5;
T_0.19 ;
T_0.17 ;
T_0.13 ;
T_0.0 ;
    %jmp T_0;
    .thread T_0, $push;
    .scope S_0000014d8c71f900;
T_1 ;
    %wait E_0000014d8c70a760;
    %load/vec4 v0000014d8c7144a0_0;
    %flag_set/vec4 8;
    %jmp/0xz  T_1.0, 8;
    %pushi/vec4 0, 0, 7;
    %assign/vec4 v0000014d8c70d060_0, 0;
    %pushi/vec4 0, 0, 7;
    %assign/vec4 v0000014d8c70d1a0_0, 0;
    %pushi/vec4 0, 0, 1;
    %assign/vec4 v0000014d8c70cf20_0, 0;
    %pushi/vec4 0, 0, 5;
    %assign/vec4 v0000014d8c71fa90_0, 0;
    %jmp T_1.1;
T_1.0 ;
    %load/vec4 v0000014d8c6e3520_0;
    %cmpi/ne 0, 0, 7;
    %jmp/0xz  T_1.2, 4;
    %pushi/vec4 0, 0, 1;
    %load/vec4 v0000014d8c6e3520_0;
    %concat/vec4; draw_concat_vec4
    %load/vec4 v0000014d8c70d100_0;
    %cmp/u;
    %flag_or 5, 4;
    %jmp/0xz  T_1.4, 5;
    %load/vec4 v0000014d8c70d100_0;
    %pushi/vec4 0, 0, 1;
    %load/vec4 v0000014d8c6e3520_0;
    %concat/vec4; draw_concat_vec4
    %sub;
    %pad/u 7;
    %assign/vec4 v0000014d8c70d060_0, 0;
    %jmp T_1.5;
T_1.4 ;
    %load/vec4 v0000014d8c70d100_0;
    %parti/s 7, 0, 2;
    %assign/vec4 v0000014d8c70d060_0, 0;
T_1.5 ;
    %pushi/vec4 0, 0, 1;
    %load/vec4 v0000014d8c6e3520_0;
    %concat/vec4; draw_concat_vec4
    %load/vec4 v0000014d8c70d240_0;
    %cmp/u;
    %flag_or 5, 4;
    %jmp/0xz  T_1.6, 5;
    %load/vec4 v0000014d8c70d240_0;
    %pushi/vec4 0, 0, 1;
    %load/vec4 v0000014d8c6e3520_0;
    %concat/vec4; draw_concat_vec4
    %sub;
    %pad/u 7;
    %assign/vec4 v0000014d8c70d1a0_0, 0;
    %jmp T_1.7;
T_1.6 ;
    %load/vec4 v0000014d8c70d240_0;
    %parti/s 7, 0, 2;
    %assign/vec4 v0000014d8c70d1a0_0, 0;
T_1.7 ;
    %load/vec4 v0000014d8c70ce80_0;
    %assign/vec4 v0000014d8c70cf20_0, 0;
    %load/vec4 v0000014d8c70d2e0_0;
    %assign/vec4 v0000014d8c71fa90_0, 0;
    %jmp T_1.3;
T_1.2 ;
    %pushi/vec4 0, 0, 7;
    %assign/vec4 v0000014d8c70d060_0, 0;
    %pushi/vec4 0, 0, 7;
    %assign/vec4 v0000014d8c70d1a0_0, 0;
    %pushi/vec4 0, 0, 1;
    %assign/vec4 v0000014d8c70cf20_0, 0;
    %load/vec4 v0000014d8c71fb30_0;
    %assign/vec4 v0000014d8c71fa90_0, 0;
T_1.3 ;
T_1.1 ;
    %jmp T_1;
    .thread T_1;
    .scope S_0000014d8c71f770;
T_2 ;
    %pushi/vec4 0, 0, 1;
    %store/vec4 v0000014d8c772260_0, 0, 1;
    %end;
    .thread T_2;
    .scope S_0000014d8c71f770;
T_3 ;
    %delay 5000, 0;
    %load/vec4 v0000014d8c772260_0;
    %inv;
    %store/vec4 v0000014d8c772260_0, 0, 1;
    %jmp T_3;
    .thread T_3;
    .scope S_0000014d8c71f770;
T_4 ;
    %pushi/vec4 1, 0, 1;
    %store/vec4 v0000014d8c772300_0, 0, 1;
    %pushi/vec4 10, 0, 7;
    %store/vec4 v0000014d8c772b20_0, 0, 7;
    %pushi/vec4 1, 0, 7;
    %store/vec4 v0000014d8c772a80_0, 0, 7;
    %pushi/vec4 8, 0, 5;
    %store/vec4 v0000014d8c772580_0, 0, 5;
    %delay 20000, 0;
    %pushi/vec4 0, 0, 1;
    %store/vec4 v0000014d8c772300_0, 0, 1;
    %delay 3000000, 0;
    %vpi_call 2 29 "$finish" {0 0 0};
    %end;
    .thread T_4;
    .scope S_0000014d8c71f770;
T_5 ;
    %vpi_call 2 33 "$monitor", "t=%0t rst=%b F_mod=%0d K_mod=%0d N_int=%0d | N_div=%0d m1_reg=%0d", $time, v0000014d8c772300_0, v0000014d8c772b20_0, v0000014d8c772a80_0, v0000014d8c772580_0, v0000014d8c772800_0, v0000014d8c7721c0_0 {0 0 0};
    %end;
    .thread T_5;
    .scope S_0000014d8c71f770;
T_6 ;
    %vpi_call 2 38 "$dumpfile", "test.vcd" {0 0 0};
    %vpi_call 2 39 "$dumpvars", 32'sb00000000000000000000000000000000, S_0000014d8c71f900 {0 0 0};
    %end;
    .thread T_6;
# The file index is used to find the file name in the following table.
:file_names 4;
    "N/A";
    "<interactive>";
    "tb_mash_modulator.v";
    "Mash_Modulator.v";
