#! /c/Source/iverilog-install/bin/vvp
:ivl_version "12.0 (devel)" "(s20150603-1110-g18392a46)";
:ivl_delay_selection "TYPICAL";
:vpi_time_precision - 12;
:vpi_module "C:\iverilog\lib\ivl\system.vpi";
:vpi_module "C:\iverilog\lib\ivl\vhdl_sys.vpi";
:vpi_module "C:\iverilog\lib\ivl\vhdl_textio.vpi";
:vpi_module "C:\iverilog\lib\ivl\v2005_math.vpi";
:vpi_module "C:\iverilog\lib\ivl\va_math.vpi";
S_0000025a408501f0 .scope module, "tb_phase_detector" "tb_phase_detector" 2 3;
 .timescale -9 -12;
v0000025a408a7f30_0 .var "fb_clk", 0 0;
v0000025a408a87f0_0 .net/s "phase_error", 24 0, v0000025a408a9150_0;  1 drivers
v0000025a408a9470_0 .var "ref_clk", 0 0;
v0000025a408a9510_0 .var "rst", 0 0;
S_0000025a4083a1c0 .scope module, "dut" "phase_detector" 2 11, 3 1 0, S_0000025a408501f0;
 .timescale 0 0;
    .port_info 0 /INPUT 1 "ref_clk";
    .port_info 1 /INPUT 1 "fb_clk";
    .port_info 2 /INPUT 1 "rst";
    .port_info 3 /OUTPUT 25 "phase_error";
L_0000025a408aa5c0 .functor XOR 24, v0000025a408a91f0_0, L_0000025a408abe80, C4<000000000000000000000000>, C4<000000000000000000000000>;
v0000025a408a8610_0 .net *"_ivl_104", 0 0, L_0000025a408ac880;  1 drivers
v0000025a408a86b0_0 .net *"_ivl_92", 23 0, L_0000025a408abe80;  1 drivers
v0000025a408a8750_0 .net *"_ivl_94", 22 0, L_0000025a408ab2a0;  1 drivers
L_0000025a408f0088 .functor BUFT 1, C4<0>, C4<0>, C4<0>, C4<0>;
v0000025a408a9330_0 .net *"_ivl_96", 0 0, L_0000025a408f0088;  1 drivers
v0000025a408a8b10_0 .net "fb_clk", 0 0, v0000025a408a7f30_0;  1 drivers
v0000025a408a77b0_0 .var "gray_sync1", 23 0;
v0000025a408a8930_0 .var "gray_sync2", 23 0;
v0000025a408a9150_0 .var/s "phase_error", 24 0;
v0000025a408a91f0_0 .var "phase_fb_bin", 23 0;
v0000025a408a78f0_0 .net "phase_fb_bin_sync", 23 0, L_0000025a408ac420;  1 drivers
v0000025a408a8110_0 .net "phase_fb_gray", 23 0, L_0000025a408aa5c0;  1 drivers
v0000025a408a7d50_0 .var "phase_ref", 23 0;
v0000025a408a9290_0 .net "ref_clk", 0 0, v0000025a408a9470_0;  1 drivers
v0000025a408a84d0_0 .net "rst", 0 0, v0000025a408a9510_0;  1 drivers
E_0000025a4084e610 .event posedge, v0000025a408a84d0_0, v0000025a408a9290_0;
E_0000025a4084e250 .event posedge, v0000025a408a84d0_0, v0000025a408a8b10_0;
L_0000025a408a7e90 .part L_0000025a408ac420, 23, 1;
L_0000025a408a7df0 .part v0000025a408a8930_0, 22, 1;
L_0000025a408a7fd0 .part L_0000025a408ac420, 22, 1;
L_0000025a408a82f0 .part v0000025a408a8930_0, 21, 1;
L_0000025a408a81b0 .part L_0000025a408ac420, 21, 1;
L_0000025a408a8bb0 .part v0000025a408a8930_0, 20, 1;
L_0000025a408a8c50 .part L_0000025a408ac420, 20, 1;
L_0000025a408a95b0 .part v0000025a408a8930_0, 19, 1;
L_0000025a408a8cf0 .part L_0000025a408ac420, 19, 1;
L_0000025a408a7710 .part v0000025a408a8930_0, 18, 1;
L_0000025a408a8250 .part L_0000025a408ac420, 18, 1;
L_0000025a408a8d90 .part v0000025a408a8930_0, 17, 1;
L_0000025a408a8e30 .part L_0000025a408ac420, 17, 1;
L_0000025a408a8f70 .part v0000025a408a8930_0, 16, 1;
L_0000025a408a8390 .part L_0000025a408ac420, 16, 1;
L_0000025a408a8430 .part v0000025a408a8930_0, 15, 1;
L_0000025a408a9010 .part L_0000025a408ac420, 15, 1;
L_0000025a408a8570 .part v0000025a408a8930_0, 14, 1;
L_0000025a408a7a30 .part L_0000025a408ac420, 14, 1;
L_0000025a408a7990 .part v0000025a408a8930_0, 13, 1;
L_0000025a408a7ad0 .part L_0000025a408ac420, 13, 1;
L_0000025a408ab660 .part v0000025a408a8930_0, 12, 1;
L_0000025a408acce0 .part L_0000025a408ac420, 12, 1;
L_0000025a408acec0 .part v0000025a408a8930_0, 11, 1;
L_0000025a408ab8e0 .part L_0000025a408ac420, 11, 1;
L_0000025a408ac740 .part v0000025a408a8930_0, 10, 1;
L_0000025a408ab980 .part L_0000025a408ac420, 10, 1;
L_0000025a408ab160 .part v0000025a408a8930_0, 9, 1;
L_0000025a408abb60 .part L_0000025a408ac420, 9, 1;
L_0000025a408acb00 .part v0000025a408a8930_0, 8, 1;
L_0000025a408ac600 .part L_0000025a408ac420, 8, 1;
L_0000025a408aba20 .part v0000025a408a8930_0, 7, 1;
L_0000025a408acba0 .part L_0000025a408ac420, 7, 1;
L_0000025a408abc00 .part v0000025a408a8930_0, 6, 1;
L_0000025a408abca0 .part L_0000025a408ac420, 6, 1;
L_0000025a408ac7e0 .part v0000025a408a8930_0, 5, 1;
L_0000025a408ab200 .part L_0000025a408ac420, 5, 1;
L_0000025a408abac0 .part v0000025a408a8930_0, 4, 1;
L_0000025a408ac9c0 .part L_0000025a408ac420, 4, 1;
L_0000025a408acf60 .part v0000025a408a8930_0, 3, 1;
L_0000025a408ad000 .part L_0000025a408ac420, 3, 1;
L_0000025a408abde0 .part v0000025a408a8930_0, 2, 1;
L_0000025a408ac560 .part L_0000025a408ac420, 2, 1;
L_0000025a408abd40 .part v0000025a408a8930_0, 1, 1;
L_0000025a408aca60 .part L_0000025a408ac420, 1, 1;
L_0000025a408abfc0 .part v0000025a408a8930_0, 0, 1;
L_0000025a408ab2a0 .part v0000025a408a91f0_0, 1, 23;
L_0000025a408abe80 .concat [ 23 1 0 0], L_0000025a408ab2a0, L_0000025a408f0088;
LS_0000025a408ac420_0_0 .concat8 [ 1 1 1 1], L_0000025a408aaa20, L_0000025a408aacc0, L_0000025a408aa710, L_0000025a408aa1d0;
LS_0000025a408ac420_0_4 .concat8 [ 1 1 1 1], L_0000025a408aa160, L_0000025a408aac50, L_0000025a408aa550, L_0000025a408aa0f0;
LS_0000025a408ac420_0_8 .concat8 [ 1 1 1 1], L_0000025a408aa080, L_0000025a408aa7f0, L_0000025a408aabe0, L_0000025a408aae10;
LS_0000025a408ac420_0_12 .concat8 [ 1 1 1 1], L_0000025a408aab70, L_0000025a408aa010, L_0000025a408aab00, L_0000025a408a9f30;
LS_0000025a408ac420_0_16 .concat8 [ 1 1 1 1], L_0000025a408aada0, L_0000025a408aa860, L_0000025a408a9fa0, L_0000025a408aa780;
LS_0000025a408ac420_0_20 .concat8 [ 1 1 1 1], L_0000025a408325b0, L_0000025a40833180, L_0000025a40833110, L_0000025a408ac880;
LS_0000025a408ac420_1_0 .concat8 [ 4 4 4 4], LS_0000025a408ac420_0_0, LS_0000025a408ac420_0_4, LS_0000025a408ac420_0_8, LS_0000025a408ac420_0_12;
LS_0000025a408ac420_1_4 .concat8 [ 4 4 0 0], LS_0000025a408ac420_0_16, LS_0000025a408ac420_0_20;
L_0000025a408ac420 .concat8 [ 16 8 0 0], LS_0000025a408ac420_1_0, LS_0000025a408ac420_1_4;
L_0000025a408ac880 .part v0000025a408a8930_0, 23, 1;
S_0000025a4083a350 .scope generate, "genblk1[0]" "genblk1[0]" 3 51, 3 51 0, S_0000025a4083a1c0;
 .timescale 0 0;
P_0000025a4084ebd0 .param/l "i" 0 3 51, +C4<00>;
L_0000025a408aaa20 .functor XOR 1, L_0000025a408aca60, L_0000025a408abfc0, C4<0>, C4<0>;
v0000025a4084d6a0_0 .net *"_ivl_0", 0 0, L_0000025a408aca60;  1 drivers
v0000025a4084c200_0 .net *"_ivl_1", 0 0, L_0000025a408abfc0;  1 drivers
v0000025a4084c020_0 .net *"_ivl_2", 0 0, L_0000025a408aaa20;  1 drivers
S_0000025a4083a4e0 .scope generate, "genblk1[1]" "genblk1[1]" 3 51, 3 51 0, S_0000025a4083a1c0;
 .timescale 0 0;
P_0000025a4084e690 .param/l "i" 0 3 51, +C4<01>;
L_0000025a408aacc0 .functor XOR 1, L_0000025a408ac560, L_0000025a408abd40, C4<0>, C4<0>;
v0000025a4084c700_0 .net *"_ivl_0", 0 0, L_0000025a408ac560;  1 drivers
v0000025a4084cc00_0 .net *"_ivl_1", 0 0, L_0000025a408abd40;  1 drivers
v0000025a4084db00_0 .net *"_ivl_2", 0 0, L_0000025a408aacc0;  1 drivers
S_0000025a408a3d30 .scope generate, "genblk1[2]" "genblk1[2]" 3 51, 3 51 0, S_0000025a4083a1c0;
 .timescale 0 0;
P_0000025a4084e390 .param/l "i" 0 3 51, +C4<010>;
L_0000025a408aa710 .functor XOR 1, L_0000025a408ad000, L_0000025a408abde0, C4<0>, C4<0>;
v0000025a4084cb60_0 .net *"_ivl_0", 0 0, L_0000025a408ad000;  1 drivers
v0000025a4084d920_0 .net *"_ivl_1", 0 0, L_0000025a408abde0;  1 drivers
v0000025a4084bd00_0 .net *"_ivl_2", 0 0, L_0000025a408aa710;  1 drivers
S_0000025a408a3ec0 .scope generate, "genblk1[3]" "genblk1[3]" 3 51, 3 51 0, S_0000025a4083a1c0;
 .timescale 0 0;
P_0000025a4084df90 .param/l "i" 0 3 51, +C4<011>;
L_0000025a408aa1d0 .functor XOR 1, L_0000025a408ac9c0, L_0000025a408acf60, C4<0>, C4<0>;
v0000025a4084c480_0 .net *"_ivl_0", 0 0, L_0000025a408ac9c0;  1 drivers
v0000025a4084cf20_0 .net *"_ivl_1", 0 0, L_0000025a408acf60;  1 drivers
v0000025a4084bda0_0 .net *"_ivl_2", 0 0, L_0000025a408aa1d0;  1 drivers
S_0000025a408a4050 .scope generate, "genblk1[4]" "genblk1[4]" 3 51, 3 51 0, S_0000025a4083a1c0;
 .timescale 0 0;
P_0000025a4084eb90 .param/l "i" 0 3 51, +C4<0100>;
L_0000025a408aa160 .functor XOR 1, L_0000025a408ab200, L_0000025a408abac0, C4<0>, C4<0>;
v0000025a4084c520_0 .net *"_ivl_0", 0 0, L_0000025a408ab200;  1 drivers
v0000025a4084be40_0 .net *"_ivl_1", 0 0, L_0000025a408abac0;  1 drivers
v0000025a4084d420_0 .net *"_ivl_2", 0 0, L_0000025a408aa160;  1 drivers
S_0000025a408a41e0 .scope generate, "genblk1[5]" "genblk1[5]" 3 51, 3 51 0, S_0000025a4083a1c0;
 .timescale 0 0;
P_0000025a4084ec10 .param/l "i" 0 3 51, +C4<0101>;
L_0000025a408aac50 .functor XOR 1, L_0000025a408abca0, L_0000025a408ac7e0, C4<0>, C4<0>;
v0000025a4084c7a0_0 .net *"_ivl_0", 0 0, L_0000025a408abca0;  1 drivers
v0000025a4084c160_0 .net *"_ivl_1", 0 0, L_0000025a408ac7e0;  1 drivers
v0000025a4084d740_0 .net *"_ivl_2", 0 0, L_0000025a408aac50;  1 drivers
S_0000025a408a4370 .scope generate, "genblk1[6]" "genblk1[6]" 3 51, 3 51 0, S_0000025a4083a1c0;
 .timescale 0 0;
P_0000025a4084e650 .param/l "i" 0 3 51, +C4<0110>;
L_0000025a408aa550 .functor XOR 1, L_0000025a408acba0, L_0000025a408abc00, C4<0>, C4<0>;
v0000025a4084bee0_0 .net *"_ivl_0", 0 0, L_0000025a408acba0;  1 drivers
v0000025a4084c660_0 .net *"_ivl_1", 0 0, L_0000025a408abc00;  1 drivers
v0000025a4084c840_0 .net *"_ivl_2", 0 0, L_0000025a408aa550;  1 drivers
S_0000025a408a4500 .scope generate, "genblk1[7]" "genblk1[7]" 3 51, 3 51 0, S_0000025a4083a1c0;
 .timescale 0 0;
P_0000025a4084ec50 .param/l "i" 0 3 51, +C4<0111>;
L_0000025a408aa0f0 .functor XOR 1, L_0000025a408ac600, L_0000025a408aba20, C4<0>, C4<0>;
v0000025a4084d880_0 .net *"_ivl_0", 0 0, L_0000025a408ac600;  1 drivers
v0000025a4084d9c0_0 .net *"_ivl_1", 0 0, L_0000025a408aba20;  1 drivers
v0000025a4084bf80_0 .net *"_ivl_2", 0 0, L_0000025a408aa0f0;  1 drivers
S_0000025a408a4690 .scope generate, "genblk1[8]" "genblk1[8]" 3 51, 3 51 0, S_0000025a4083a1c0;
 .timescale 0 0;
P_0000025a4084e050 .param/l "i" 0 3 51, +C4<01000>;
L_0000025a408aa080 .functor XOR 1, L_0000025a408abb60, L_0000025a408acb00, C4<0>, C4<0>;
v0000025a4084c3e0_0 .net *"_ivl_0", 0 0, L_0000025a408abb60;  1 drivers
v0000025a4084c2a0_0 .net *"_ivl_1", 0 0, L_0000025a408acb00;  1 drivers
v0000025a4084c340_0 .net *"_ivl_2", 0 0, L_0000025a408aa080;  1 drivers
S_0000025a408a5830 .scope generate, "genblk1[9]" "genblk1[9]" 3 51, 3 51 0, S_0000025a4083a1c0;
 .timescale 0 0;
P_0000025a4084e950 .param/l "i" 0 3 51, +C4<01001>;
L_0000025a408aa7f0 .functor XOR 1, L_0000025a408ab980, L_0000025a408ab160, C4<0>, C4<0>;
v0000025a4084c8e0_0 .net *"_ivl_0", 0 0, L_0000025a408ab980;  1 drivers
v0000025a4084c5c0_0 .net *"_ivl_1", 0 0, L_0000025a408ab160;  1 drivers
v0000025a4084c980_0 .net *"_ivl_2", 0 0, L_0000025a408aa7f0;  1 drivers
S_0000025a408a59c0 .scope generate, "genblk1[10]" "genblk1[10]" 3 51, 3 51 0, S_0000025a4083a1c0;
 .timescale 0 0;
P_0000025a4084e1d0 .param/l "i" 0 3 51, +C4<01010>;
L_0000025a408aabe0 .functor XOR 1, L_0000025a408ab8e0, L_0000025a408ac740, C4<0>, C4<0>;
v0000025a4084ca20_0 .net *"_ivl_0", 0 0, L_0000025a408ab8e0;  1 drivers
v0000025a4084cac0_0 .net *"_ivl_1", 0 0, L_0000025a408ac740;  1 drivers
v0000025a4084cca0_0 .net *"_ivl_2", 0 0, L_0000025a408aabe0;  1 drivers
S_0000025a408a5b50 .scope generate, "genblk1[11]" "genblk1[11]" 3 51, 3 51 0, S_0000025a4083a1c0;
 .timescale 0 0;
P_0000025a4084dd50 .param/l "i" 0 3 51, +C4<01011>;
L_0000025a408aae10 .functor XOR 1, L_0000025a408acce0, L_0000025a408acec0, C4<0>, C4<0>;
v0000025a4084cd40_0 .net *"_ivl_0", 0 0, L_0000025a408acce0;  1 drivers
v0000025a4084cde0_0 .net *"_ivl_1", 0 0, L_0000025a408acec0;  1 drivers
v0000025a4084cfc0_0 .net *"_ivl_2", 0 0, L_0000025a408aae10;  1 drivers
S_0000025a408a5ce0 .scope generate, "genblk1[12]" "genblk1[12]" 3 51, 3 51 0, S_0000025a4083a1c0;
 .timescale 0 0;
P_0000025a4084de90 .param/l "i" 0 3 51, +C4<01100>;
L_0000025a408aab70 .functor XOR 1, L_0000025a408a7ad0, L_0000025a408ab660, C4<0>, C4<0>;
v0000025a4084d060_0 .net *"_ivl_0", 0 0, L_0000025a408a7ad0;  1 drivers
v0000025a4084d100_0 .net *"_ivl_1", 0 0, L_0000025a408ab660;  1 drivers
v0000025a4084d1a0_0 .net *"_ivl_2", 0 0, L_0000025a408aab70;  1 drivers
S_0000025a408a6280 .scope generate, "genblk1[13]" "genblk1[13]" 3 51, 3 51 0, S_0000025a4083a1c0;
 .timescale 0 0;
P_0000025a4084ded0 .param/l "i" 0 3 51, +C4<01101>;
L_0000025a408aa010 .functor XOR 1, L_0000025a408a7a30, L_0000025a408a7990, C4<0>, C4<0>;
v0000025a4083fa20_0 .net *"_ivl_0", 0 0, L_0000025a408a7a30;  1 drivers
v0000025a408407e0_0 .net *"_ivl_1", 0 0, L_0000025a408a7990;  1 drivers
v0000025a40841460_0 .net *"_ivl_2", 0 0, L_0000025a408aa010;  1 drivers
S_0000025a408a6410 .scope generate, "genblk1[14]" "genblk1[14]" 3 51, 3 51 0, S_0000025a4083a1c0;
 .timescale 0 0;
P_0000025a4084e090 .param/l "i" 0 3 51, +C4<01110>;
L_0000025a408aab00 .functor XOR 1, L_0000025a408a9010, L_0000025a408a8570, C4<0>, C4<0>;
v0000025a408406a0_0 .net *"_ivl_0", 0 0, L_0000025a408a9010;  1 drivers
v0000025a408404c0_0 .net *"_ivl_1", 0 0, L_0000025a408a8570;  1 drivers
v0000025a40840920_0 .net *"_ivl_2", 0 0, L_0000025a408aab00;  1 drivers
S_0000025a408a7400 .scope generate, "genblk1[15]" "genblk1[15]" 3 51, 3 51 0, S_0000025a4083a1c0;
 .timescale 0 0;
P_0000025a4084e3d0 .param/l "i" 0 3 51, +C4<01111>;
L_0000025a408a9f30 .functor XOR 1, L_0000025a408a8390, L_0000025a408a8430, C4<0>, C4<0>;
v0000025a40840b00_0 .net *"_ivl_0", 0 0, L_0000025a408a8390;  1 drivers
v0000025a408415a0_0 .net *"_ivl_1", 0 0, L_0000025a408a8430;  1 drivers
v0000025a40840c40_0 .net *"_ivl_2", 0 0, L_0000025a408a9f30;  1 drivers
S_0000025a408a6780 .scope generate, "genblk1[16]" "genblk1[16]" 3 51, 3 51 0, S_0000025a4083a1c0;
 .timescale 0 0;
P_0000025a4084e190 .param/l "i" 0 3 51, +C4<010000>;
L_0000025a408aada0 .functor XOR 1, L_0000025a408a8e30, L_0000025a408a8f70, C4<0>, C4<0>;
v0000025a4083f840_0 .net *"_ivl_0", 0 0, L_0000025a408a8e30;  1 drivers
v0000025a4083fb60_0 .net *"_ivl_1", 0 0, L_0000025a408a8f70;  1 drivers
v0000025a40840ec0_0 .net *"_ivl_2", 0 0, L_0000025a408aada0;  1 drivers
S_0000025a408a7270 .scope generate, "genblk1[17]" "genblk1[17]" 3 51, 3 51 0, S_0000025a4083a1c0;
 .timescale 0 0;
P_0000025a4084e410 .param/l "i" 0 3 51, +C4<010001>;
L_0000025a408aa860 .functor XOR 1, L_0000025a408a8250, L_0000025a408a8d90, C4<0>, C4<0>;
v0000025a4083fde0_0 .net *"_ivl_0", 0 0, L_0000025a408a8250;  1 drivers
v0000025a40831b90_0 .net *"_ivl_1", 0 0, L_0000025a408a8d90;  1 drivers
v0000025a40831cd0_0 .net *"_ivl_2", 0 0, L_0000025a408aa860;  1 drivers
S_0000025a408a6dc0 .scope generate, "genblk1[18]" "genblk1[18]" 3 51, 3 51 0, S_0000025a4083a1c0;
 .timescale 0 0;
P_0000025a4084e550 .param/l "i" 0 3 51, +C4<010010>;
L_0000025a408a9fa0 .functor XOR 1, L_0000025a408a8cf0, L_0000025a408a7710, C4<0>, C4<0>;
v0000025a40831910_0 .net *"_ivl_0", 0 0, L_0000025a408a8cf0;  1 drivers
v0000025a40831d70_0 .net *"_ivl_1", 0 0, L_0000025a408a7710;  1 drivers
v0000025a40831ff0_0 .net *"_ivl_2", 0 0, L_0000025a408a9fa0;  1 drivers
S_0000025a408a65f0 .scope generate, "genblk1[19]" "genblk1[19]" 3 51, 3 51 0, S_0000025a4083a1c0;
 .timescale 0 0;
P_0000025a4084e590 .param/l "i" 0 3 51, +C4<010011>;
L_0000025a408aa780 .functor XOR 1, L_0000025a408a8c50, L_0000025a408a95b0, C4<0>, C4<0>;
v0000025a40831410_0 .net *"_ivl_0", 0 0, L_0000025a408a8c50;  1 drivers
v0000025a408a7cb0_0 .net *"_ivl_1", 0 0, L_0000025a408a95b0;  1 drivers
v0000025a408a89d0_0 .net *"_ivl_2", 0 0, L_0000025a408aa780;  1 drivers
S_0000025a408a6c30 .scope generate, "genblk1[20]" "genblk1[20]" 3 51, 3 51 0, S_0000025a4083a1c0;
 .timescale 0 0;
P_0000025a4084e5d0 .param/l "i" 0 3 51, +C4<010100>;
L_0000025a408325b0 .functor XOR 1, L_0000025a408a81b0, L_0000025a408a8bb0, C4<0>, C4<0>;
v0000025a408a8890_0 .net *"_ivl_0", 0 0, L_0000025a408a81b0;  1 drivers
v0000025a408a93d0_0 .net *"_ivl_1", 0 0, L_0000025a408a8bb0;  1 drivers
v0000025a408a8070_0 .net *"_ivl_2", 0 0, L_0000025a408325b0;  1 drivers
S_0000025a408a6f50 .scope generate, "genblk1[21]" "genblk1[21]" 3 51, 3 51 0, S_0000025a4083a1c0;
 .timescale 0 0;
P_0000025a4084e710 .param/l "i" 0 3 51, +C4<010101>;
L_0000025a40833180 .functor XOR 1, L_0000025a408a7fd0, L_0000025a408a82f0, C4<0>, C4<0>;
v0000025a408a7c10_0 .net *"_ivl_0", 0 0, L_0000025a408a7fd0;  1 drivers
v0000025a408a7850_0 .net *"_ivl_1", 0 0, L_0000025a408a82f0;  1 drivers
v0000025a408a90b0_0 .net *"_ivl_2", 0 0, L_0000025a40833180;  1 drivers
S_0000025a408a6910 .scope generate, "genblk1[22]" "genblk1[22]" 3 51, 3 51 0, S_0000025a4083a1c0;
 .timescale 0 0;
P_0000025a4084eb10 .param/l "i" 0 3 51, +C4<010110>;
L_0000025a40833110 .functor XOR 1, L_0000025a408a7e90, L_0000025a408a7df0, C4<0>, C4<0>;
v0000025a408a8ed0_0 .net *"_ivl_0", 0 0, L_0000025a408a7e90;  1 drivers
v0000025a408a8a70_0 .net *"_ivl_1", 0 0, L_0000025a408a7df0;  1 drivers
v0000025a408a7b70_0 .net *"_ivl_2", 0 0, L_0000025a40833110;  1 drivers
    .scope S_0000025a4083a1c0;
T_0 ;
    %wait E_0000025a4084e610;
    %load/vec4 v0000025a408a84d0_0;
    %flag_set/vec4 8;
    %jmp/0xz  T_0.0, 8;
    %pushi/vec4 0, 0, 24;
    %assign/vec4 v0000025a408a7d50_0, 0;
    %jmp T_0.1;
T_0.0 ;
    %load/vec4 v0000025a408a7d50_0;
    %addi 1, 0, 24;
    %assign/vec4 v0000025a408a7d50_0, 0;
T_0.1 ;
    %jmp T_0;
    .thread T_0;
    .scope S_0000025a4083a1c0;
T_1 ;
    %wait E_0000025a4084e250;
    %load/vec4 v0000025a408a84d0_0;
    %flag_set/vec4 8;
    %jmp/0xz  T_1.0, 8;
    %pushi/vec4 0, 0, 24;
    %assign/vec4 v0000025a408a91f0_0, 0;
    %jmp T_1.1;
T_1.0 ;
    %load/vec4 v0000025a408a91f0_0;
    %addi 1, 0, 24;
    %assign/vec4 v0000025a408a91f0_0, 0;
T_1.1 ;
    %jmp T_1;
    .thread T_1;
    .scope S_0000025a4083a1c0;
T_2 ;
    %wait E_0000025a4084e610;
    %load/vec4 v0000025a408a84d0_0;
    %flag_set/vec4 8;
    %jmp/0xz  T_2.0, 8;
    %pushi/vec4 0, 0, 24;
    %assign/vec4 v0000025a408a77b0_0, 0;
    %pushi/vec4 0, 0, 24;
    %assign/vec4 v0000025a408a8930_0, 0;
    %jmp T_2.1;
T_2.0 ;
    %load/vec4 v0000025a408a8110_0;
    %assign/vec4 v0000025a408a77b0_0, 0;
    %load/vec4 v0000025a408a77b0_0;
    %assign/vec4 v0000025a408a8930_0, 0;
T_2.1 ;
    %jmp T_2;
    .thread T_2;
    .scope S_0000025a4083a1c0;
T_3 ;
    %wait E_0000025a4084e610;
    %load/vec4 v0000025a408a84d0_0;
    %flag_set/vec4 8;
    %jmp/0xz  T_3.0, 8;
    %pushi/vec4 0, 0, 25;
    %assign/vec4 v0000025a408a9150_0, 0;
    %jmp T_3.1;
T_3.0 ;
    %pushi/vec4 0, 0, 1;
    %load/vec4 v0000025a408a7d50_0;
    %concat/vec4; draw_concat_vec4
    %pushi/vec4 0, 0, 1;
    %load/vec4 v0000025a408a78f0_0;
    %concat/vec4; draw_concat_vec4
    %sub;
    %assign/vec4 v0000025a408a9150_0, 0;
T_3.1 ;
    %jmp T_3;
    .thread T_3;
    .scope S_0000025a408501f0;
T_4 ;
    %pushi/vec4 0, 0, 1;
    %store/vec4 v0000025a408a9470_0, 0, 1;
    %end;
    .thread T_4;
    .scope S_0000025a408501f0;
T_5 ;
    %delay 5000, 0;
    %load/vec4 v0000025a408a9470_0;
    %inv;
    %store/vec4 v0000025a408a9470_0, 0, 1;
    %jmp T_5;
    .thread T_5;
    .scope S_0000025a408501f0;
T_6 ;
    %pushi/vec4 0, 0, 1;
    %store/vec4 v0000025a408a7f30_0, 0, 1;
    %end;
    .thread T_6;
    .scope S_0000025a408501f0;
T_7 ;
    %delay 3500, 0;
    %load/vec4 v0000025a408a7f30_0;
    %inv;
    %store/vec4 v0000025a408a7f30_0, 0, 1;
    %jmp T_7;
    .thread T_7;
    .scope S_0000025a408501f0;
T_8 ;
    %pushi/vec4 1, 0, 1;
    %store/vec4 v0000025a408a9510_0, 0, 1;
    %delay 20000, 0;
    %pushi/vec4 0, 0, 1;
    %store/vec4 v0000025a408a9510_0, 0, 1;
    %delay 2000000, 0;
    %vpi_call 2 26 "$finish" {0 0 0};
    %end;
    .thread T_8;
    .scope S_0000025a408501f0;
T_9 ;
    %vpi_call 2 30 "$monitor", "t=%0t rst=%b phase_error=%0d", $time, v0000025a408a9510_0, v0000025a408a87f0_0 {0 0 0};
    %end;
    .thread T_9;
    .scope S_0000025a408501f0;
T_10 ;
    %vpi_call 2 34 "$dumpfile", "test.vcd" {0 0 0};
    %vpi_call 2 35 "$dumpvars", 32'sb00000000000000000000000000000000, S_0000025a4083a1c0 {0 0 0};
    %end;
    .thread T_10;
# The file index is used to find the file name in the following table.
:file_names 4;
    "N/A";
    "<interactive>";
    "tb_phase_detector.v";
    "phase_detector.v";
